2023-10-20 10:05:09.268  INFO 10616 --- [restartedMain] com.moviebookingapp.MovieappApplication  : Starting MovieappApplication using Java 17.0.5 on DESKTOP-TUEOB8C with PID 10616 (D:\Movie Booking Application\BackEnd\MovieBookingApplication\target\classes started by sachidanand chouhan in D:\Movie Booking Application\BackEnd\MovieBookingApplication)
2023-10-20 10:05:09.294  INFO 10616 --- [restartedMain] com.moviebookingapp.MovieappApplication  : No active profile set, falling back to 1 default profile: "default"
2023-10-20 10:05:09.531  INFO 10616 --- [restartedMain] .e.DevToolsPropertyDefaultsPostProcessor : Devtools property defaults active! Set 'spring.devtools.add-properties' to 'false' to disable
2023-10-20 10:05:09.532  INFO 10616 --- [restartedMain] .e.DevToolsPropertyDefaultsPostProcessor : For additional web related logging consider setting the 'logging.level.web' property to 'DEBUG'
2023-10-20 10:05:13.856  INFO 10616 --- [restartedMain] .s.d.r.c.RepositoryConfigurationDelegate : Bootstrapping Spring Data MongoDB repositories in DEFAULT mode.
2023-10-20 10:05:14.075  INFO 10616 --- [restartedMain] .s.d.r.c.RepositoryConfigurationDelegate : Finished Spring Data repository scanning in 205 ms. Found 4 MongoDB repository interfaces.
2023-10-20 10:05:16.581  INFO 10616 --- [restartedMain] o.s.b.w.embedded.tomcat.TomcatWebServer  : Tomcat initialized with port(s): 8080 (http)
2023-10-20 10:05:16.585  INFO 10616 --- [restartedMain] o.a.catalina.core.AprLifecycleListener   : Loaded Apache Tomcat Native library [1.2.35] using APR version [1.7.0].
2023-10-20 10:05:16.586  INFO 10616 --- [restartedMain] o.a.catalina.core.AprLifecycleListener   : APR capabilities: IPv6 [true], sendfile [true], accept filters [false], random [true], UDS [true].
2023-10-20 10:05:16.587  INFO 10616 --- [restartedMain] o.a.catalina.core.AprLifecycleListener   : APR/OpenSSL configuration: useAprConnector [false], useOpenSSL [true]
2023-10-20 10:05:16.612  INFO 10616 --- [restartedMain] o.a.catalina.core.AprLifecycleListener   : OpenSSL successfully initialized [OpenSSL 1.1.1q  5 Jul 2022]
2023-10-20 10:05:16.641  INFO 10616 --- [restartedMain] o.apache.catalina.core.StandardService   : Starting service [Tomcat]
2023-10-20 10:05:16.643  INFO 10616 --- [restartedMain] org.apache.catalina.core.StandardEngine  : Starting Servlet engine: [Apache Tomcat/9.0.73]
2023-10-20 10:05:16.948  INFO 10616 --- [restartedMain] o.a.c.c.C.[Tomcat].[localhost].[/]       : Initializing Spring embedded WebApplicationContext
2023-10-20 10:05:16.949  INFO 10616 --- [restartedMain] w.s.c.ServletWebServerApplicationContext : Root WebApplicationContext: initialization completed in 7414 ms
2023-10-20 10:05:18.439  INFO 10616 --- [restartedMain] org.mongodb.driver.client                : MongoClient with metadata {"driver": {"name": "mongo-java-driver|sync|spring-boot", "version": "4.6.1"}, "os": {"type": "Windows", "name": "Windows 10", "architecture": "amd64", "version": "10.0"}, "platform": "Java/Oracle Corporation/17.0.5+9-LTS-191"} created with settings MongoClientSettings{readPreference=primary, writeConcern=WriteConcern{w=null, wTimeout=null ms, journal=null}, retryWrites=true, retryReads=true, readConcern=ReadConcern{level=null}, credential=null, streamFactoryFactory=null, commandListeners=[io.micrometer.core.instrument.binder.mongodb.MongoMetricsCommandListener@4e77414d], codecRegistry=ProvidersCodecRegistry{codecProviders=[ValueCodecProvider{}, BsonValueCodecProvider{}, DBRefCodecProvider{}, DBObjectCodecProvider{}, DocumentCodecProvider{}, IterableCodecProvider{}, MapCodecProvider{}, GeoJsonCodecProvider{}, GridFSFileCodecProvider{}, Jsr310CodecProvider{}, JsonObjectCodecProvider{}, BsonCodecProvider{}, EnumCodecProvider{}, com.mongodb.Jep395RecordCodecProvider@6a27b2]}, clusterSettings={hosts=[54.162.86.108:27017], srvServiceName=mongodb, mode=SINGLE, requiredClusterType=UNKNOWN, requiredReplicaSetName='null', serverSelector='null', clusterListeners='[]', serverSelectionTimeout='30000 ms', localThreshold='30000 ms'}, socketSettings=SocketSettings{connectTimeoutMS=10000, readTimeoutMS=0, receiveBufferSize=0, sendBufferSize=0}, heartbeatSocketSettings=SocketSettings{connectTimeoutMS=10000, readTimeoutMS=10000, receiveBufferSize=0, sendBufferSize=0}, connectionPoolSettings=ConnectionPoolSettings{maxSize=100, minSize=0, maxWaitTimeMS=120000, maxConnectionLifeTimeMS=0, maxConnectionIdleTimeMS=0, maintenanceInitialDelayMS=0, maintenanceFrequencyMS=60000, connectionPoolListeners=[io.micrometer.core.instrument.binder.mongodb.MongoMetricsConnectionPoolListener@7e1e7bc1], maxConnecting=2}, serverSettings=ServerSettings{heartbeatFrequencyMS=10000, minHeartbeatFrequencyMS=500, serverListeners='[]', serverMonitorListeners='[]'}, sslSettings=SslSettings{enabled=false, invalidHostNameAllowed=false, context=null}, applicationName='null', compressorList=[], uuidRepresentation=JAVA_LEGACY, serverApi=null, autoEncryptionSettings=null, contextProvider=null}
2023-10-20 10:05:19.031  INFO 10616 --- [cluster-ClusterId{value='65320386c1539f7342b3667f', description='null'}-54.162.86.108:27017] org.mongodb.driver.connection            : Opened connection [connectionId{localValue:1, serverValue:409}] to 54.162.86.108:27017
2023-10-20 10:05:19.032  INFO 10616 --- [cluster-rtt-ClusterId{value='65320386c1539f7342b3667f', description='null'}-54.162.86.108:27017] org.mongodb.driver.connection            : Opened connection [connectionId{localValue:2, serverValue:408}] to 54.162.86.108:27017
2023-10-20 10:05:19.033  INFO 10616 --- [cluster-ClusterId{value='65320386c1539f7342b3667f', description='null'}-54.162.86.108:27017] org.mongodb.driver.cluster               : Monitor thread successfully connected to server with description ServerDescription{address=54.162.86.108:27017, type=STANDALONE, state=CONNECTED, ok=true, minWireVersion=0, maxWireVersion=21, maxDocumentSize=16777216, logicalSessionTimeoutMinutes=30, roundTripTimeNanos=316164900}
2023-10-20 10:05:19.928  INFO 10616 --- [restartedMain] o.s.b.d.a.OptionalLiveReloadServer       : LiveReload server is running on port 35729
2023-10-20 10:05:21.998  INFO 10616 --- [restartedMain] o.s.b.a.e.web.EndpointLinksResolver      : Exposing 14 endpoint(s) beneath base path '/actuator'
2023-10-20 10:05:23.706  INFO 10616 --- [restartedMain] o.s.s.web.DefaultSecurityFilterChain     : Will secure any request with [org.springframework.security.web.session.DisableEncodeUrlFilter@2f9d4ace, org.springframework.security.web.context.request.async.WebAsyncManagerIntegrationFilter@47d9de1b, org.springframework.security.web.context.SecurityContextPersistenceFilter@78383999, org.springframework.security.web.header.HeaderWriterFilter@52a2b39c, org.springframework.web.filter.CorsFilter@5d85fb35, org.springframework.security.web.authentication.logout.LogoutFilter@c800876, com.moviebookingapp.security.jwt.AuthTokenFilter@3ee36d3c, org.springframework.security.web.savedrequest.RequestCacheAwareFilter@3d230ace, org.springframework.security.web.servletapi.SecurityContextHolderAwareRequestFilter@409bb19b, org.springframework.security.web.authentication.AnonymousAuthenticationFilter@6ad1271f, org.springframework.security.web.session.SessionManagementFilter@66ab2e9e, org.springframework.security.web.access.ExceptionTranslationFilter@1bdb8cb1, org.springframework.security.web.access.intercept.FilterSecurityInterceptor@6b00659b]
2023-10-20 10:05:24.499  WARN 10616 --- [restartedMain] ConfigServletWebServerApplicationContext : Exception encountered during context initialization - cancelling refresh attempt: org.springframework.context.ApplicationContextException: Failed to start bean 'webServerStartStop'; nested exception is org.springframework.boot.web.server.PortInUseException: Port 8080 is already in use
2023-10-20 10:05:24.534  INFO 10616 --- [restartedMain] o.apache.catalina.core.StandardService   : Stopping service [Tomcat]
2023-10-20 10:05:24.562  WARN 10616 --- [restartedMain] o.a.c.loader.WebappClassLoaderBase       : The web application [ROOT] appears to have started a thread named [BufferPoolPruner-1-thread-1] but has failed to stop it. This is very likely to create a memory leak. Stack trace of thread:
 java.base@17.0.5/jdk.internal.misc.Unsafe.park(Native Method)
 java.base@17.0.5/java.util.concurrent.locks.LockSupport.parkNanos(LockSupport.java:252)
 java.base@17.0.5/java.util.concurrent.locks.AbstractQueuedSynchronizer$ConditionObject.awaitNanos(AbstractQueuedSynchronizer.java:1672)
 java.base@17.0.5/java.util.concurrent.ScheduledThreadPoolExecutor$DelayedWorkQueue.take(ScheduledThreadPoolExecutor.java:1182)
 java.base@17.0.5/java.util.concurrent.ScheduledThreadPoolExecutor$DelayedWorkQueue.take(ScheduledThreadPoolExecutor.java:899)
 java.base@17.0.5/java.util.concurrent.ThreadPoolExecutor.getTask(ThreadPoolExecutor.java:1062)
 java.base@17.0.5/java.util.concurrent.ThreadPoolExecutor.runWorker(ThreadPoolExecutor.java:1122)
 java.base@17.0.5/java.util.concurrent.ThreadPoolExecutor$Worker.run(ThreadPoolExecutor.java:635)
 java.base@17.0.5/java.lang.Thread.run(Thread.java:833)
2023-10-20 10:05:24.593  INFO 10616 --- [restartedMain] ConditionEvaluationReportLoggingListener : 

Error starting ApplicationContext. To display the conditions report re-run your application with 'debug' enabled.
2023-10-20 10:05:24.681 ERROR 10616 --- [restartedMain] o.s.b.d.LoggingFailureAnalysisReporter   : 

***************************
APPLICATION FAILED TO START
***************************

Description:

Web server failed to start. Port 8080 was already in use.

Action:

Identify and stop the process that's listening on port 8080 or configure this application to listen on another port.

2023-10-20 10:10:21.104  INFO 9112 --- [restartedMain] com.moviebookingapp.MovieappApplication  : Starting MovieappApplication using Java 17.0.5 on DESKTOP-TUEOB8C with PID 9112 (D:\Movie Booking Application\BackEnd\MovieBookingApplication\target\classes started by sachidanand chouhan in D:\Movie Booking Application\BackEnd\MovieBookingApplication)
2023-10-20 10:10:21.111  INFO 9112 --- [restartedMain] com.moviebookingapp.MovieappApplication  : No active profile set, falling back to 1 default profile: "default"
2023-10-20 10:10:21.254  INFO 9112 --- [restartedMain] .e.DevToolsPropertyDefaultsPostProcessor : Devtools property defaults active! Set 'spring.devtools.add-properties' to 'false' to disable
2023-10-20 10:10:21.255  INFO 9112 --- [restartedMain] .e.DevToolsPropertyDefaultsPostProcessor : For additional web related logging consider setting the 'logging.level.web' property to 'DEBUG'
2023-10-20 10:10:25.273  INFO 9112 --- [restartedMain] .s.d.r.c.RepositoryConfigurationDelegate : Bootstrapping Spring Data MongoDB repositories in DEFAULT mode.
2023-10-20 10:10:25.519  INFO 9112 --- [restartedMain] .s.d.r.c.RepositoryConfigurationDelegate : Finished Spring Data repository scanning in 228 ms. Found 4 MongoDB repository interfaces.
2023-10-20 10:10:27.967  INFO 9112 --- [restartedMain] o.s.b.w.embedded.tomcat.TomcatWebServer  : Tomcat initialized with port(s): 8080 (http)
2023-10-20 10:10:27.972  INFO 9112 --- [restartedMain] o.a.catalina.core.AprLifecycleListener   : Loaded Apache Tomcat Native library [1.2.35] using APR version [1.7.0].
2023-10-20 10:10:27.973  INFO 9112 --- [restartedMain] o.a.catalina.core.AprLifecycleListener   : APR capabilities: IPv6 [true], sendfile [true], accept filters [false], random [true], UDS [true].
2023-10-20 10:10:27.974  INFO 9112 --- [restartedMain] o.a.catalina.core.AprLifecycleListener   : APR/OpenSSL configuration: useAprConnector [false], useOpenSSL [true]
2023-10-20 10:10:28.002  INFO 9112 --- [restartedMain] o.a.catalina.core.AprLifecycleListener   : OpenSSL successfully initialized [OpenSSL 1.1.1q  5 Jul 2022]
2023-10-20 10:10:28.048  INFO 9112 --- [restartedMain] o.apache.catalina.core.StandardService   : Starting service [Tomcat]
2023-10-20 10:10:28.050  INFO 9112 --- [restartedMain] org.apache.catalina.core.StandardEngine  : Starting Servlet engine: [Apache Tomcat/9.0.73]
2023-10-20 10:10:28.359  INFO 9112 --- [restartedMain] o.a.c.c.C.[Tomcat].[localhost].[/]       : Initializing Spring embedded WebApplicationContext
2023-10-20 10:10:28.360  INFO 9112 --- [restartedMain] w.s.c.ServletWebServerApplicationContext : Root WebApplicationContext: initialization completed in 7103 ms
2023-10-20 10:10:29.355  INFO 9112 --- [restartedMain] org.mongodb.driver.client                : MongoClient with metadata {"driver": {"name": "mongo-java-driver|sync|spring-boot", "version": "4.6.1"}, "os": {"type": "Windows", "name": "Windows 10", "architecture": "amd64", "version": "10.0"}, "platform": "Java/Oracle Corporation/17.0.5+9-LTS-191"} created with settings MongoClientSettings{readPreference=primary, writeConcern=WriteConcern{w=null, wTimeout=null ms, journal=null}, retryWrites=true, retryReads=true, readConcern=ReadConcern{level=null}, credential=null, streamFactoryFactory=null, commandListeners=[io.micrometer.core.instrument.binder.mongodb.MongoMetricsCommandListener@5361dd90], codecRegistry=ProvidersCodecRegistry{codecProviders=[ValueCodecProvider{}, BsonValueCodecProvider{}, DBRefCodecProvider{}, DBObjectCodecProvider{}, DocumentCodecProvider{}, IterableCodecProvider{}, MapCodecProvider{}, GeoJsonCodecProvider{}, GridFSFileCodecProvider{}, Jsr310CodecProvider{}, JsonObjectCodecProvider{}, BsonCodecProvider{}, EnumCodecProvider{}, com.mongodb.Jep395RecordCodecProvider@59a18051]}, clusterSettings={hosts=[54.162.86.108:27017], srvServiceName=mongodb, mode=SINGLE, requiredClusterType=UNKNOWN, requiredReplicaSetName='null', serverSelector='null', clusterListeners='[]', serverSelectionTimeout='30000 ms', localThreshold='30000 ms'}, socketSettings=SocketSettings{connectTimeoutMS=10000, readTimeoutMS=0, receiveBufferSize=0, sendBufferSize=0}, heartbeatSocketSettings=SocketSettings{connectTimeoutMS=10000, readTimeoutMS=10000, receiveBufferSize=0, sendBufferSize=0}, connectionPoolSettings=ConnectionPoolSettings{maxSize=100, minSize=0, maxWaitTimeMS=120000, maxConnectionLifeTimeMS=0, maxConnectionIdleTimeMS=0, maintenanceInitialDelayMS=0, maintenanceFrequencyMS=60000, connectionPoolListeners=[io.micrometer.core.instrument.binder.mongodb.MongoMetricsConnectionPoolListener@192d2a3d], maxConnecting=2}, serverSettings=ServerSettings{heartbeatFrequencyMS=10000, minHeartbeatFrequencyMS=500, serverListeners='[]', serverMonitorListeners='[]'}, sslSettings=SslSettings{enabled=false, invalidHostNameAllowed=false, context=null}, applicationName='null', compressorList=[], uuidRepresentation=JAVA_LEGACY, serverApi=null, autoEncryptionSettings=null, contextProvider=null}
2023-10-20 10:10:29.961  INFO 9112 --- [cluster-rtt-ClusterId{value='653204bdb9fb116ce1e80259', description='null'}-54.162.86.108:27017] org.mongodb.driver.connection            : Opened connection [connectionId{localValue:2, serverValue:411}] to 54.162.86.108:27017
2023-10-20 10:10:29.962  INFO 9112 --- [cluster-ClusterId{value='653204bdb9fb116ce1e80259', description='null'}-54.162.86.108:27017] org.mongodb.driver.connection            : Opened connection [connectionId{localValue:1, serverValue:410}] to 54.162.86.108:27017
2023-10-20 10:10:29.963  INFO 9112 --- [cluster-ClusterId{value='653204bdb9fb116ce1e80259', description='null'}-54.162.86.108:27017] org.mongodb.driver.cluster               : Monitor thread successfully connected to server with description ServerDescription{address=54.162.86.108:27017, type=STANDALONE, state=CONNECTED, ok=true, minWireVersion=0, maxWireVersion=21, maxDocumentSize=16777216, logicalSessionTimeoutMinutes=30, roundTripTimeNanos=339277200}
2023-10-20 10:10:30.827  INFO 9112 --- [restartedMain] o.s.b.d.a.OptionalLiveReloadServer       : LiveReload server is running on port 35729
2023-10-20 10:10:32.895  INFO 9112 --- [restartedMain] o.s.b.a.e.web.EndpointLinksResolver      : Exposing 14 endpoint(s) beneath base path '/actuator'
2023-10-20 10:10:35.847  INFO 9112 --- [restartedMain] o.s.s.web.DefaultSecurityFilterChain     : Will secure any request with [org.springframework.security.web.session.DisableEncodeUrlFilter@422d5894, org.springframework.security.web.context.request.async.WebAsyncManagerIntegrationFilter@343a7d61, org.springframework.security.web.context.SecurityContextPersistenceFilter@1dc9f6c2, org.springframework.security.web.header.HeaderWriterFilter@19f991a, org.springframework.web.filter.CorsFilter@35f07664, org.springframework.security.web.authentication.logout.LogoutFilter@3d230ace, com.moviebookingapp.security.jwt.AuthTokenFilter@76b263f2, org.springframework.security.web.savedrequest.RequestCacheAwareFilter@1037a341, org.springframework.security.web.servletapi.SecurityContextHolderAwareRequestFilter@6333913e, org.springframework.security.web.authentication.AnonymousAuthenticationFilter@820ab51, org.springframework.security.web.session.SessionManagementFilter@6010fa87, org.springframework.security.web.access.ExceptionTranslationFilter@5e629d79, org.springframework.security.web.access.intercept.FilterSecurityInterceptor@67822c7c]
2023-10-20 10:10:36.701  INFO 9112 --- [restartedMain] o.s.b.w.embedded.tomcat.TomcatWebServer  : Tomcat started on port(s): 8080 (http) with context path ''
2023-10-20 10:10:37.910  INFO 9112 --- [restartedMain] com.moviebookingapp.MovieappApplication  : Started MovieappApplication in 17.89 seconds (JVM running for 19.2)
2023-10-20 10:10:38.700  INFO 9112 --- [restartedMain] org.mongodb.driver.connection            : Opened connection [connectionId{localValue:3, serverValue:412}] to 54.162.86.108:27017
